<?xml version="1.0" encoding="UTF-8"?>
<!-- Generated by org.testng.reporters.JUnitXMLReporter -->
<testsuite ignored="0" hostname="Vinoth" failures="0" tests="13" name="APIProject" time="20.516" errors="0" timestamp="2025-07-14T08:34:27 IST">
  <testcase classname="tests.APITask" name="getUserName_Positive" time="7.515"/>
  <testcase classname="tests.APITask" name="createUser_Positive" time="1.782"/>
  <testcase classname="tests.APITask" name="updateUser_Positive" time="1.073"/>
  <testcase classname="tests.APITask" name="deleteUser_Positive" time="1.495"/>
  <testcase classname="tests.APITask" name="getUserName_Negative" time="1.268"/>
  <testcase classname="tests.APITask" name="createUser_Negative_EmptyPayload" time="1.046"/>
  <testcase classname="tests.APITask" name="updateUser_Negative_InvalidUser" time="1.152"/>
  <testcase classname="tests.APITask" name="deleteUser_Negative_InvalidUser" time="1.064"/>
  <testcase classname="tests.APITask" name="getUser_InvalidParam" time="0.75"/>
  <testcase classname="tests.APITask" name="createUser_MalformedJson" time="1.325"/>
  <testcase classname="tests.APITask" name="updateUser_EmptyBody" time="0.671"/>
  <testcase classname="tests.APITask" name="deleteUser_InvalidMethod" time="0.617"/>
  <testcase classname="tests.APITask" name="createUser_MissingApiKey" time="0.638"/>
</testsuite> <!-- APIProject -->
