<?xml version="1.0" encoding="UTF-8"?>
<!-- Generated by org.testng.reporters.JUnitXMLReporter -->
<testsuite ignored="0" hostname="Vinoth" failures="0" tests="13" name="APIProject" time="9.966" errors="0" timestamp="2025-07-13T13:39:49 IST">
  <testcase classname="tests.APITask" name="getUserName_Positive" time="2.912"/>
  <testcase classname="tests.APITask" name="createUser_Positive" time="1.411"/>
  <testcase classname="tests.APITask" name="updateUser_Positive" time="1.513"/>
  <testcase classname="tests.APITask" name="deleteUser_Positive" time="0.494"/>
  <testcase classname="tests.APITask" name="getUserName_Negative" time="0.111"/>
  <testcase classname="tests.APITask" name="createUser_Negative_EmptyPayload" time="0.719"/>
  <testcase classname="tests.APITask" name="updateUser_Negative_InvalidUser" time="0.389"/>
  <testcase classname="tests.APITask" name="deleteUser_Negative_InvalidUser" time="0.408"/>
  <testcase classname="tests.APITask" name="getUser_InvalidParam" time="0.303"/>
  <testcase classname="tests.APITask" name="createUser_MalformedJson" time="0.394"/>
  <testcase classname="tests.APITask" name="updateUser_EmptyBody" time="0.433"/>
  <testcase classname="tests.APITask" name="deleteUser_InvalidMethod" time="0.404"/>
  <testcase classname="tests.APITask" name="createUser_MissingApiKey" time="0.391"/>
</testsuite> <!-- APIProject -->
