<?xml version="1.0" encoding="UTF-8"?>
<!-- Generated by org.testng.reporters.JUnitXMLReporter -->
<testsuite ignored="0" hostname="Vinoth" failures="0" tests="13" name="TestProject" time="9.166" errors="0" timestamp="2025-07-13T13:37:20 IST">
  <testcase classname="tests.APITask" name="getUserName_Positive" time="3.541"/>
  <testcase classname="tests.APITask" name="createUser_Positive" time="0.57"/>
  <testcase classname="tests.APITask" name="updateUser_Positive" time="0.511"/>
  <testcase classname="tests.APITask" name="deleteUser_Positive" time="0.476"/>
  <testcase classname="tests.APITask" name="getUserName_Negative" time="0.522"/>
  <testcase classname="tests.APITask" name="createUser_Negative_EmptyPayload" time="0.472"/>
  <testcase classname="tests.APITask" name="updateUser_Negative_InvalidUser" time="0.451"/>
  <testcase classname="tests.APITask" name="deleteUser_Negative_InvalidUser" time="0.409"/>
  <testcase classname="tests.APITask" name="getUser_InvalidParam" time="0.501"/>
  <testcase classname="tests.APITask" name="createUser_MalformedJson" time="0.384"/>
  <testcase classname="tests.APITask" name="updateUser_EmptyBody" time="0.453"/>
  <testcase classname="tests.APITask" name="deleteUser_InvalidMethod" time="0.41"/>
  <testcase classname="tests.APITask" name="createUser_MissingApiKey" time="0.379"/>
</testsuite> <!-- TestProject -->
