<?xml version="1.0" encoding="UTF-8"?>
<testng-results ignored="0" total="13" passed="13" failed="0" skipped="0">
  <reporter-output>
  </reporter-output>
  <suite started-at="2025-07-13T13:39:39 IST" name="APITestSuite" finished-at="2025-07-13T13:39:49 IST" duration-ms="9966">
    <groups>
    </groups>
    <test started-at="2025-07-13T13:39:39 IST" name="APIProject" finished-at="2025-07-13T13:39:49 IST" duration-ms="9966">
      <class name="tests.APITask">
        <test-method is-config="true" signature="setup(org.testng.ITestResult)[pri:0, instance:tests.APITask@26abb146]" started-at="2025-07-13T13:39:39 IST" name="setup" finished-at="2025-07-13T13:39:39 IST" duration-ms="11" status="PASS">
          <params>
            <param index="0">
              <value>
                <![CDATA[[TestResult name={null} status=CREATED method=APITask.getUserName_Positive()[pri:1, instance:tests.APITask@26abb146] output={null}]]]>
              </value>
            </param>
          </params>
          <reporter-output>
          </reporter-output>
        </test-method> <!-- setup -->
        <test-method signature="getUserName_Positive()[pri:1, instance:tests.APITask@26abb146]" started-at="2025-07-13T13:39:39 IST" name="getUserName_Positive" finished-at="2025-07-13T13:39:42 IST" duration-ms="2912" status="PASS">
          <reporter-output>
          </reporter-output>
        </test-method> <!-- getUserName_Positive -->
        <test-method is-config="true" signature="setup(org.testng.ITestResult)[pri:0, instance:tests.APITask@26abb146]" started-at="2025-07-13T13:39:42 IST" name="setup" finished-at="2025-07-13T13:39:42 IST" duration-ms="0" status="PASS">
          <params>
            <param index="0">
              <value>
                <![CDATA[[TestResult name={null} status=CREATED method=APITask.createUser_Positive()[pri:2, instance:tests.APITask@26abb146] output={null}]]]>
              </value>
            </param>
          </params>
          <reporter-output>
          </reporter-output>
        </test-method> <!-- setup -->
        <test-method signature="createUser_Positive()[pri:2, instance:tests.APITask@26abb146]" started-at="2025-07-13T13:39:42 IST" name="createUser_Positive" finished-at="2025-07-13T13:39:43 IST" duration-ms="1411" status="PASS">
          <reporter-output>
          </reporter-output>
        </test-method> <!-- createUser_Positive -->
        <test-method is-config="true" signature="setup(org.testng.ITestResult)[pri:0, instance:tests.APITask@26abb146]" started-at="2025-07-13T13:39:43 IST" name="setup" finished-at="2025-07-13T13:39:43 IST" duration-ms="0" status="PASS">
          <params>
            <param index="0">
              <value>
                <![CDATA[[TestResult name={null} status=CREATED method=APITask.updateUser_Positive()[pri:3, instance:tests.APITask@26abb146] output={null}]]]>
              </value>
            </param>
          </params>
          <reporter-output>
          </reporter-output>
        </test-method> <!-- setup -->
        <test-method signature="updateUser_Positive()[pri:3, instance:tests.APITask@26abb146]" started-at="2025-07-13T13:39:43 IST" name="updateUser_Positive" finished-at="2025-07-13T13:39:45 IST" duration-ms="1513" status="PASS">
          <reporter-output>
          </reporter-output>
        </test-method> <!-- updateUser_Positive -->
        <test-method is-config="true" signature="setup(org.testng.ITestResult)[pri:0, instance:tests.APITask@26abb146]" started-at="2025-07-13T13:39:45 IST" name="setup" finished-at="2025-07-13T13:39:45 IST" duration-ms="0" status="PASS">
          <params>
            <param index="0">
              <value>
                <![CDATA[[TestResult name={null} status=CREATED method=APITask.deleteUser_Positive()[pri:4, instance:tests.APITask@26abb146] output={null}]]]>
              </value>
            </param>
          </params>
          <reporter-output>
          </reporter-output>
        </test-method> <!-- setup -->
        <test-method signature="deleteUser_Positive()[pri:4, instance:tests.APITask@26abb146]" started-at="2025-07-13T13:39:45 IST" name="deleteUser_Positive" finished-at="2025-07-13T13:39:45 IST" duration-ms="494" status="PASS">
          <reporter-output>
          </reporter-output>
        </test-method> <!-- deleteUser_Positive -->
        <test-method signature="getUserName_Negative()[pri:5, instance:tests.APITask@26abb146]" started-at="2025-07-13T13:39:45 IST" name="getUserName_Negative" finished-at="2025-07-13T13:39:45 IST" duration-ms="111" status="PASS">
          <reporter-output>
          </reporter-output>
        </test-method> <!-- getUserName_Negative -->
        <test-method is-config="true" signature="setup(org.testng.ITestResult)[pri:0, instance:tests.APITask@26abb146]" started-at="2025-07-13T13:39:45 IST" name="setup" finished-at="2025-07-13T13:39:45 IST" duration-ms="0" status="PASS">
          <params>
            <param index="0">
              <value>
                <![CDATA[[TestResult name={null} status=CREATED method=APITask.getUserName_Negative()[pri:5, instance:tests.APITask@26abb146] output={null}]]]>
              </value>
            </param>
          </params>
          <reporter-output>
          </reporter-output>
        </test-method> <!-- setup -->
        <test-method is-config="true" signature="setup(org.testng.ITestResult)[pri:0, instance:tests.APITask@26abb146]" started-at="2025-07-13T13:39:45 IST" name="setup" finished-at="2025-07-13T13:39:45 IST" duration-ms="1" status="PASS">
          <params>
            <param index="0">
              <value>
                <![CDATA[[TestResult name={null} status=CREATED method=APITask.createUser_Negative_EmptyPayload()[pri:6, instance:tests.APITask@26abb146] output={null}]]]>
              </value>
            </param>
          </params>
          <reporter-output>
          </reporter-output>
        </test-method> <!-- setup -->
        <test-method signature="createUser_Negative_EmptyPayload()[pri:6, instance:tests.APITask@26abb146]" started-at="2025-07-13T13:39:45 IST" name="createUser_Negative_EmptyPayload" finished-at="2025-07-13T13:39:46 IST" duration-ms="719" status="PASS">
          <reporter-output>
          </reporter-output>
        </test-method> <!-- createUser_Negative_EmptyPayload -->
        <test-method is-config="true" signature="setup(org.testng.ITestResult)[pri:0, instance:tests.APITask@26abb146]" started-at="2025-07-13T13:39:46 IST" name="setup" finished-at="2025-07-13T13:39:46 IST" duration-ms="1" status="PASS">
          <params>
            <param index="0">
              <value>
                <![CDATA[[TestResult name={null} status=CREATED method=APITask.updateUser_Negative_InvalidUser()[pri:7, instance:tests.APITask@26abb146] output={null}]]]>
              </value>
            </param>
          </params>
          <reporter-output>
          </reporter-output>
        </test-method> <!-- setup -->
        <test-method signature="updateUser_Negative_InvalidUser()[pri:7, instance:tests.APITask@26abb146]" started-at="2025-07-13T13:39:46 IST" name="updateUser_Negative_InvalidUser" finished-at="2025-07-13T13:39:46 IST" duration-ms="389" status="PASS">
          <reporter-output>
          </reporter-output>
        </test-method> <!-- updateUser_Negative_InvalidUser -->
        <test-method signature="deleteUser_Negative_InvalidUser()[pri:8, instance:tests.APITask@26abb146]" started-at="2025-07-13T13:39:46 IST" name="deleteUser_Negative_InvalidUser" finished-at="2025-07-13T13:39:47 IST" duration-ms="408" status="PASS">
          <reporter-output>
          </reporter-output>
        </test-method> <!-- deleteUser_Negative_InvalidUser -->
        <test-method is-config="true" signature="setup(org.testng.ITestResult)[pri:0, instance:tests.APITask@26abb146]" started-at="2025-07-13T13:39:46 IST" name="setup" finished-at="2025-07-13T13:39:46 IST" duration-ms="0" status="PASS">
          <params>
            <param index="0">
              <value>
                <![CDATA[[TestResult name={null} status=CREATED method=APITask.deleteUser_Negative_InvalidUser()[pri:8, instance:tests.APITask@26abb146] output={null}]]]>
              </value>
            </param>
          </params>
          <reporter-output>
          </reporter-output>
        </test-method> <!-- setup -->
        <test-method is-config="true" signature="setup(org.testng.ITestResult)[pri:0, instance:tests.APITask@26abb146]" started-at="2025-07-13T13:39:47 IST" name="setup" finished-at="2025-07-13T13:39:47 IST" duration-ms="0" status="PASS">
          <params>
            <param index="0">
              <value>
                <![CDATA[[TestResult name={null} status=CREATED method=APITask.getUser_InvalidParam()[pri:9, instance:tests.APITask@26abb146] output={null}]]]>
              </value>
            </param>
          </params>
          <reporter-output>
          </reporter-output>
        </test-method> <!-- setup -->
        <test-method signature="getUser_InvalidParam()[pri:9, instance:tests.APITask@26abb146]" started-at="2025-07-13T13:39:47 IST" name="getUser_InvalidParam" finished-at="2025-07-13T13:39:47 IST" duration-ms="303" status="PASS">
          <reporter-output>
          </reporter-output>
        </test-method> <!-- getUser_InvalidParam -->
        <test-method signature="createUser_MalformedJson()[pri:10, instance:tests.APITask@26abb146]" started-at="2025-07-13T13:39:47 IST" name="createUser_MalformedJson" finished-at="2025-07-13T13:39:48 IST" duration-ms="394" status="PASS">
          <reporter-output>
          </reporter-output>
        </test-method> <!-- createUser_MalformedJson -->
        <test-method is-config="true" signature="setup(org.testng.ITestResult)[pri:0, instance:tests.APITask@26abb146]" started-at="2025-07-13T13:39:47 IST" name="setup" finished-at="2025-07-13T13:39:47 IST" duration-ms="0" status="PASS">
          <params>
            <param index="0">
              <value>
                <![CDATA[[TestResult name={null} status=CREATED method=APITask.createUser_MalformedJson()[pri:10, instance:tests.APITask@26abb146] output={null}]]]>
              </value>
            </param>
          </params>
          <reporter-output>
          </reporter-output>
        </test-method> <!-- setup -->
        <test-method is-config="true" signature="setup(org.testng.ITestResult)[pri:0, instance:tests.APITask@26abb146]" started-at="2025-07-13T13:39:48 IST" name="setup" finished-at="2025-07-13T13:39:48 IST" duration-ms="0" status="PASS">
          <params>
            <param index="0">
              <value>
                <![CDATA[[TestResult name={null} status=CREATED method=APITask.updateUser_EmptyBody()[pri:11, instance:tests.APITask@26abb146] output={null}]]]>
              </value>
            </param>
          </params>
          <reporter-output>
          </reporter-output>
        </test-method> <!-- setup -->
        <test-method signature="updateUser_EmptyBody()[pri:11, instance:tests.APITask@26abb146]" started-at="2025-07-13T13:39:48 IST" name="updateUser_EmptyBody" finished-at="2025-07-13T13:39:48 IST" duration-ms="433" status="PASS">
          <reporter-output>
          </reporter-output>
        </test-method> <!-- updateUser_EmptyBody -->
        <test-method signature="deleteUser_InvalidMethod()[pri:12, instance:tests.APITask@26abb146]" started-at="2025-07-13T13:39:48 IST" name="deleteUser_InvalidMethod" finished-at="2025-07-13T13:39:48 IST" duration-ms="404" status="PASS">
          <reporter-output>
          </reporter-output>
        </test-method> <!-- deleteUser_InvalidMethod -->
        <test-method is-config="true" signature="setup(org.testng.ITestResult)[pri:0, instance:tests.APITask@26abb146]" started-at="2025-07-13T13:39:48 IST" name="setup" finished-at="2025-07-13T13:39:48 IST" duration-ms="0" status="PASS">
          <params>
            <param index="0">
              <value>
                <![CDATA[[TestResult name={null} status=CREATED method=APITask.deleteUser_InvalidMethod()[pri:12, instance:tests.APITask@26abb146] output={null}]]]>
              </value>
            </param>
          </params>
          <reporter-output>
          </reporter-output>
        </test-method> <!-- setup -->
        <test-method signature="createUser_MissingApiKey()[pri:13, instance:tests.APITask@26abb146]" started-at="2025-07-13T13:39:48 IST" name="createUser_MissingApiKey" finished-at="2025-07-13T13:39:49 IST" duration-ms="391" status="PASS">
          <reporter-output>
          </reporter-output>
        </test-method> <!-- createUser_MissingApiKey -->
        <test-method is-config="true" signature="setup(org.testng.ITestResult)[pri:0, instance:tests.APITask@26abb146]" started-at="2025-07-13T13:39:48 IST" name="setup" finished-at="2025-07-13T13:39:48 IST" duration-ms="0" status="PASS">
          <params>
            <param index="0">
              <value>
                <![CDATA[[TestResult name={null} status=CREATED method=APITask.createUser_MissingApiKey()[pri:13, instance:tests.APITask@26abb146] output={null}]]]>
              </value>
            </param>
          </params>
          <reporter-output>
          </reporter-output>
        </test-method> <!-- setup -->
        <test-method is-config="true" signature="tearDown()[pri:0, instance:tests.APITask@26abb146]" started-at="2025-07-13T13:39:49 IST" name="tearDown" finished-at="2025-07-13T13:39:49 IST" duration-ms="355" status="PASS">
          <reporter-output>
          </reporter-output>
        </test-method> <!-- tearDown -->
      </class> <!-- tests.APITask -->
    </test> <!-- APIProject -->
  </suite> <!-- APITestSuite -->
</testng-results>
