<?xml version="1.0" encoding="UTF-8"?>
<testng-results ignored="0" total="13" passed="13" failed="0" skipped="0">
  <reporter-output>
  </reporter-output>
  <suite started-at="2025-07-14T08:34:06 IST" name="APITestSuite" finished-at="2025-07-14T08:34:27 IST" duration-ms="20516">
    <groups>
    </groups>
    <test started-at="2025-07-14T08:34:06 IST" name="APIProject" finished-at="2025-07-14T08:34:27 IST" duration-ms="20516">
      <class name="tests.APITask">
        <test-method is-config="true" signature="setup(org.testng.ITestResult)[pri:0, instance:tests.APITask@1a4927d6]" started-at="2025-07-14T08:34:06 IST" name="setup" finished-at="2025-07-14T08:34:07 IST" duration-ms="25" status="PASS">
          <params>
            <param index="0">
              <value>
                <![CDATA[[TestResult name={null} status=CREATED method=APITask.getUserName_Positive()[pri:1, instance:tests.APITask@1a4927d6] output={null}]]]>
              </value>
            </param>
          </params>
          <reporter-output>
          </reporter-output>
        </test-method> <!-- setup -->
        <test-method signature="getUserName_Positive()[pri:1, instance:tests.APITask@1a4927d6]" started-at="2025-07-14T08:34:07 IST" name="getUserName_Positive" finished-at="2025-07-14T08:34:14 IST" duration-ms="7515" status="PASS">
          <reporter-output>
          </reporter-output>
        </test-method> <!-- getUserName_Positive -->
        <test-method is-config="true" signature="setup(org.testng.ITestResult)[pri:0, instance:tests.APITask@1a4927d6]" started-at="2025-07-14T08:34:14 IST" name="setup" finished-at="2025-07-14T08:34:14 IST" duration-ms="0" status="PASS">
          <params>
            <param index="0">
              <value>
                <![CDATA[[TestResult name={null} status=CREATED method=APITask.createUser_Positive()[pri:2, instance:tests.APITask@1a4927d6] output={null}]]]>
              </value>
            </param>
          </params>
          <reporter-output>
          </reporter-output>
        </test-method> <!-- setup -->
        <test-method signature="createUser_Positive()[pri:2, instance:tests.APITask@1a4927d6]" started-at="2025-07-14T08:34:14 IST" name="createUser_Positive" finished-at="2025-07-14T08:34:16 IST" duration-ms="1782" status="PASS">
          <reporter-output>
          </reporter-output>
        </test-method> <!-- createUser_Positive -->
        <test-method signature="updateUser_Positive()[pri:3, instance:tests.APITask@1a4927d6]" started-at="2025-07-14T08:34:16 IST" name="updateUser_Positive" finished-at="2025-07-14T08:34:17 IST" duration-ms="1073" status="PASS">
          <reporter-output>
          </reporter-output>
        </test-method> <!-- updateUser_Positive -->
        <test-method is-config="true" signature="setup(org.testng.ITestResult)[pri:0, instance:tests.APITask@1a4927d6]" started-at="2025-07-14T08:34:16 IST" name="setup" finished-at="2025-07-14T08:34:16 IST" duration-ms="0" status="PASS">
          <params>
            <param index="0">
              <value>
                <![CDATA[[TestResult name={null} status=CREATED method=APITask.updateUser_Positive()[pri:3, instance:tests.APITask@1a4927d6] output={null}]]]>
              </value>
            </param>
          </params>
          <reporter-output>
          </reporter-output>
        </test-method> <!-- setup -->
        <test-method is-config="true" signature="setup(org.testng.ITestResult)[pri:0, instance:tests.APITask@1a4927d6]" started-at="2025-07-14T08:34:17 IST" name="setup" finished-at="2025-07-14T08:34:17 IST" duration-ms="1" status="PASS">
          <params>
            <param index="0">
              <value>
                <![CDATA[[TestResult name={null} status=CREATED method=APITask.deleteUser_Positive()[pri:4, instance:tests.APITask@1a4927d6] output={null}]]]>
              </value>
            </param>
          </params>
          <reporter-output>
          </reporter-output>
        </test-method> <!-- setup -->
        <test-method signature="deleteUser_Positive()[pri:4, instance:tests.APITask@1a4927d6]" started-at="2025-07-14T08:34:17 IST" name="deleteUser_Positive" finished-at="2025-07-14T08:34:18 IST" duration-ms="1495" status="PASS">
          <reporter-output>
          </reporter-output>
        </test-method> <!-- deleteUser_Positive -->
        <test-method is-config="true" signature="setup(org.testng.ITestResult)[pri:0, instance:tests.APITask@1a4927d6]" started-at="2025-07-14T08:34:18 IST" name="setup" finished-at="2025-07-14T08:34:18 IST" duration-ms="1" status="PASS">
          <params>
            <param index="0">
              <value>
                <![CDATA[[TestResult name={null} status=CREATED method=APITask.getUserName_Negative()[pri:5, instance:tests.APITask@1a4927d6] output={null}]]]>
              </value>
            </param>
          </params>
          <reporter-output>
          </reporter-output>
        </test-method> <!-- setup -->
        <test-method signature="getUserName_Negative()[pri:5, instance:tests.APITask@1a4927d6]" started-at="2025-07-14T08:34:18 IST" name="getUserName_Negative" finished-at="2025-07-14T08:34:20 IST" duration-ms="1268" status="PASS">
          <reporter-output>
          </reporter-output>
        </test-method> <!-- getUserName_Negative -->
        <test-method is-config="true" signature="setup(org.testng.ITestResult)[pri:0, instance:tests.APITask@1a4927d6]" started-at="2025-07-14T08:34:20 IST" name="setup" finished-at="2025-07-14T08:34:20 IST" duration-ms="1" status="PASS">
          <params>
            <param index="0">
              <value>
                <![CDATA[[TestResult name={null} status=CREATED method=APITask.createUser_Negative_EmptyPayload()[pri:6, instance:tests.APITask@1a4927d6] output={null}]]]>
              </value>
            </param>
          </params>
          <reporter-output>
          </reporter-output>
        </test-method> <!-- setup -->
        <test-method signature="createUser_Negative_EmptyPayload()[pri:6, instance:tests.APITask@1a4927d6]" started-at="2025-07-14T08:34:20 IST" name="createUser_Negative_EmptyPayload" finished-at="2025-07-14T08:34:21 IST" duration-ms="1046" status="PASS">
          <reporter-output>
          </reporter-output>
        </test-method> <!-- createUser_Negative_EmptyPayload -->
        <test-method is-config="true" signature="setup(org.testng.ITestResult)[pri:0, instance:tests.APITask@1a4927d6]" started-at="2025-07-14T08:34:21 IST" name="setup" finished-at="2025-07-14T08:34:21 IST" duration-ms="1" status="PASS">
          <params>
            <param index="0">
              <value>
                <![CDATA[[TestResult name={null} status=CREATED method=APITask.updateUser_Negative_InvalidUser()[pri:7, instance:tests.APITask@1a4927d6] output={null}]]]>
              </value>
            </param>
          </params>
          <reporter-output>
          </reporter-output>
        </test-method> <!-- setup -->
        <test-method signature="updateUser_Negative_InvalidUser()[pri:7, instance:tests.APITask@1a4927d6]" started-at="2025-07-14T08:34:21 IST" name="updateUser_Negative_InvalidUser" finished-at="2025-07-14T08:34:22 IST" duration-ms="1152" status="PASS">
          <reporter-output>
          </reporter-output>
        </test-method> <!-- updateUser_Negative_InvalidUser -->
        <test-method is-config="true" signature="setup(org.testng.ITestResult)[pri:0, instance:tests.APITask@1a4927d6]" started-at="2025-07-14T08:34:22 IST" name="setup" finished-at="2025-07-14T08:34:22 IST" duration-ms="1" status="PASS">
          <params>
            <param index="0">
              <value>
                <![CDATA[[TestResult name={null} status=CREATED method=APITask.deleteUser_Negative_InvalidUser()[pri:8, instance:tests.APITask@1a4927d6] output={null}]]]>
              </value>
            </param>
          </params>
          <reporter-output>
          </reporter-output>
        </test-method> <!-- setup -->
        <test-method signature="deleteUser_Negative_InvalidUser()[pri:8, instance:tests.APITask@1a4927d6]" started-at="2025-07-14T08:34:22 IST" name="deleteUser_Negative_InvalidUser" finished-at="2025-07-14T08:34:23 IST" duration-ms="1064" status="PASS">
          <reporter-output>
          </reporter-output>
        </test-method> <!-- deleteUser_Negative_InvalidUser -->
        <test-method signature="getUser_InvalidParam()[pri:9, instance:tests.APITask@1a4927d6]" started-at="2025-07-14T08:34:23 IST" name="getUser_InvalidParam" finished-at="2025-07-14T08:34:24 IST" duration-ms="750" status="PASS">
          <reporter-output>
          </reporter-output>
        </test-method> <!-- getUser_InvalidParam -->
        <test-method is-config="true" signature="setup(org.testng.ITestResult)[pri:0, instance:tests.APITask@1a4927d6]" started-at="2025-07-14T08:34:23 IST" name="setup" finished-at="2025-07-14T08:34:23 IST" duration-ms="0" status="PASS">
          <params>
            <param index="0">
              <value>
                <![CDATA[[TestResult name={null} status=CREATED method=APITask.getUser_InvalidParam()[pri:9, instance:tests.APITask@1a4927d6] output={null}]]]>
              </value>
            </param>
          </params>
          <reporter-output>
          </reporter-output>
        </test-method> <!-- setup -->
        <test-method signature="createUser_MalformedJson()[pri:10, instance:tests.APITask@1a4927d6]" started-at="2025-07-14T08:34:24 IST" name="createUser_MalformedJson" finished-at="2025-07-14T08:34:25 IST" duration-ms="1325" status="PASS">
          <reporter-output>
          </reporter-output>
        </test-method> <!-- createUser_MalformedJson -->
        <test-method is-config="true" signature="setup(org.testng.ITestResult)[pri:0, instance:tests.APITask@1a4927d6]" started-at="2025-07-14T08:34:24 IST" name="setup" finished-at="2025-07-14T08:34:24 IST" duration-ms="0" status="PASS">
          <params>
            <param index="0">
              <value>
                <![CDATA[[TestResult name={null} status=CREATED method=APITask.createUser_MalformedJson()[pri:10, instance:tests.APITask@1a4927d6] output={null}]]]>
              </value>
            </param>
          </params>
          <reporter-output>
          </reporter-output>
        </test-method> <!-- setup -->
        <test-method is-config="true" signature="setup(org.testng.ITestResult)[pri:0, instance:tests.APITask@1a4927d6]" started-at="2025-07-14T08:34:25 IST" name="setup" finished-at="2025-07-14T08:34:25 IST" duration-ms="1" status="PASS">
          <params>
            <param index="0">
              <value>
                <![CDATA[[TestResult name={null} status=CREATED method=APITask.updateUser_EmptyBody()[pri:11, instance:tests.APITask@1a4927d6] output={null}]]]>
              </value>
            </param>
          </params>
          <reporter-output>
          </reporter-output>
        </test-method> <!-- setup -->
        <test-method signature="updateUser_EmptyBody()[pri:11, instance:tests.APITask@1a4927d6]" started-at="2025-07-14T08:34:25 IST" name="updateUser_EmptyBody" finished-at="2025-07-14T08:34:26 IST" duration-ms="671" status="PASS">
          <reporter-output>
          </reporter-output>
        </test-method> <!-- updateUser_EmptyBody -->
        <test-method is-config="true" signature="setup(org.testng.ITestResult)[pri:0, instance:tests.APITask@1a4927d6]" started-at="2025-07-14T08:34:26 IST" name="setup" finished-at="2025-07-14T08:34:26 IST" duration-ms="0" status="PASS">
          <params>
            <param index="0">
              <value>
                <![CDATA[[TestResult name={null} status=CREATED method=APITask.deleteUser_InvalidMethod()[pri:12, instance:tests.APITask@1a4927d6] output={null}]]]>
              </value>
            </param>
          </params>
          <reporter-output>
          </reporter-output>
        </test-method> <!-- setup -->
        <test-method signature="deleteUser_InvalidMethod()[pri:12, instance:tests.APITask@1a4927d6]" started-at="2025-07-14T08:34:26 IST" name="deleteUser_InvalidMethod" finished-at="2025-07-14T08:34:26 IST" duration-ms="617" status="PASS">
          <reporter-output>
          </reporter-output>
        </test-method> <!-- deleteUser_InvalidMethod -->
        <test-method is-config="true" signature="setup(org.testng.ITestResult)[pri:0, instance:tests.APITask@1a4927d6]" started-at="2025-07-14T08:34:26 IST" name="setup" finished-at="2025-07-14T08:34:26 IST" duration-ms="1" status="PASS">
          <params>
            <param index="0">
              <value>
                <![CDATA[[TestResult name={null} status=CREATED method=APITask.createUser_MissingApiKey()[pri:13, instance:tests.APITask@1a4927d6] output={null}]]]>
              </value>
            </param>
          </params>
          <reporter-output>
          </reporter-output>
        </test-method> <!-- setup -->
        <test-method signature="createUser_MissingApiKey()[pri:13, instance:tests.APITask@1a4927d6]" started-at="2025-07-14T08:34:26 IST" name="createUser_MissingApiKey" finished-at="2025-07-14T08:34:27 IST" duration-ms="638" status="PASS">
          <reporter-output>
          </reporter-output>
        </test-method> <!-- createUser_MissingApiKey -->
        <test-method is-config="true" signature="tearDown()[pri:0, instance:tests.APITask@1a4927d6]" started-at="2025-07-14T08:34:27 IST" name="tearDown" finished-at="2025-07-14T08:34:28 IST" duration-ms="566" status="PASS">
          <reporter-output>
          </reporter-output>
        </test-method> <!-- tearDown -->
      </class> <!-- tests.APITask -->
    </test> <!-- APIProject -->
  </suite> <!-- APITestSuite -->
</testng-results>
